<?xml version="1.0" encoding="UTF-8"?>
<!-- Generated by org.testng.reporters.JUnitXMLReporter -->
<testsuite hostname="LTGB000126" ignored="0" name="Regression Suite" tests="2" failures="0" timestamp="2021-06-20T19:16:54 BST" time="75.271" errors="0">
  <testcase name="runScenario" time="27.385" classname="io.cucumber.testng.AbstractTestNGCucumberTests"/>
  <testcase name="runScenario" time="41.22" classname="io.cucumber.testng.AbstractTestNGCucumberTests"/>
</testsuite> <!-- Regression Suite -->
