<?xml version="1.0" encoding="UTF-8"?>
<!-- Generated by org.testng.reporters.JUnitXMLReporter -->
<testsuite ignored="0" hostname="LAPTOP-6U57ATUB" failures="0" tests="2" name="Regression Suite" time="59.695" errors="0" timestamp="2021-06-20T23:21:34 BST">
  <testcase classname="io.cucumber.testng.AbstractTestNGCucumberTests" name="runScenario" time="19.35"/>
  <testcase classname="io.cucumber.testng.AbstractTestNGCucumberTests" name="runScenario" time="31.929"/>
</testsuite> <!-- Regression Suite -->
