<?xml version="1.0" encoding="UTF-8"?>
<testng-results ignored="0" total="2" passed="2" failed="0" skipped="0">
  <reporter-output>
  </reporter-output>
  <suite started-at="2021-06-20T23:20:34 BST" name="All Test Suite" finished-at="2021-06-20T23:21:34 BST" duration-ms="59695">
    <groups>
      <group name="cucumber">
        <method signature="AbstractTestNGCucumberTests.runScenario(io.cucumber.testng.PickleWrapper,io.cucumber.testng.FeatureWrapper)[pri:0, instance:com.Test.Arunkumar.TestNGRunner.RegressionTestngRunner@27462a88]" name="runScenario" class="io.cucumber.testng.AbstractTestNGCucumberTests"/>
      </group> <!-- cucumber -->
    </groups>
    <test started-at="2021-06-20T23:20:34 BST" name="Regression Suite" finished-at="2021-06-20T23:21:34 BST" duration-ms="59695">
      <class name="com.Test.Arunkumar.TestNGRunner.RegressionTestngRunner">
        <test-method is-config="true" signature="setUpClass()[pri:0, instance:com.Test.Arunkumar.TestNGRunner.RegressionTestngRunner@27462a88]" started-at="2021-06-20T23:20:34 BST" name="setUpClass" finished-at="2021-06-20T23:20:35 BST" duration-ms="715" status="PASS">
          <reporter-output>
          </reporter-output>
        </test-method> <!-- setUpClass -->
        <test-method signature="runScenario(io.cucumber.testng.PickleWrapper,io.cucumber.testng.FeatureWrapper)[pri:0, instance:com.Test.Arunkumar.TestNGRunner.RegressionTestngRunner@27462a88]" started-at="2021-06-20T23:20:35 BST" name="runScenario" description="Runs Cucumber Scenarios" data-provider="scenarios" finished-at="2021-06-20T23:20:54 BST" duration-ms="19350" status="PASS">
          <params>
            <param index="0">
              <value>
                <![CDATA["Update Personal Information (First Name) in my account"]]>
              </value>
            </param>
            <param index="1">
              <value>
                <![CDATA["Optional[My Account]"]]>
              </value>
            </param>
          </params>
          <reporter-output>
          </reporter-output>
        </test-method> <!-- runScenario -->
        <test-method signature="runScenario(io.cucumber.testng.PickleWrapper,io.cucumber.testng.FeatureWrapper)[pri:0, instance:com.Test.Arunkumar.TestNGRunner.RegressionTestngRunner@27462a88]" started-at="2021-06-20T23:20:54 BST" name="runScenario" description="Runs Cucumber Scenarios" data-provider="scenarios" finished-at="2021-06-20T23:21:26 BST" duration-ms="31929" status="PASS">
          <params>
            <param index="0">
              <value>
                <![CDATA["Order T-Shirt and verify detail in Order History"]]>
              </value>
            </param>
            <param index="1">
              <value>
                <![CDATA["Optional[Order Confirmation]"]]>
              </value>
            </param>
          </params>
          <reporter-output>
          </reporter-output>
        </test-method> <!-- runScenario -->
        <test-method is-config="true" signature="tearDownClass()[pri:0, instance:com.Test.Arunkumar.TestNGRunner.RegressionTestngRunner@27462a88]" started-at="2021-06-20T23:21:26 BST" name="tearDownClass" finished-at="2021-06-20T23:21:34 BST" duration-ms="7641" status="PASS">
          <reporter-output>
          </reporter-output>
        </test-method> <!-- tearDownClass -->
      </class> <!-- com.Test.Arunkumar.TestNGRunner.RegressionTestngRunner -->
    </test> <!-- Regression Suite -->
  </suite> <!-- All Test Suite -->
</testng-results>
